<?xml version="1.0" encoding="UTF-8" standalone="no"?>
<!DOCTYPE log SYSTEM "logger.dtd">
<log>
<record>
  <date>2026-05-18T17:50:03.065300173Z</date>
  <millis>1779126603065</millis>
  <nanos>300173</nanos>
  <sequence>16</sequence>
  <logger>global</logger>
  <level>INFO</level>
  <class>dev.asjordi.bot.BotService</class>
  <method>&lt;init&gt;</method>
  <thread>31</thread>
  <message>BotService initialized</message>
</record>
<record>
  <date>2026-05-18T17:50:03.065910935Z</date>
  <millis>1779126603065</millis>
  <nanos>910935</nanos>
  <sequence>17</sequence>
  <logger>global</logger>
  <level>INFO</level>
  <class>dev.asjordi.bot.BotService</class>
  <method>sendWeatherReport</method>
  <thread>31</thread>
  <message>Sending weather report</message>
</record>
<record>
  <date>2026-05-18T17:50:04.795627759Z</date>
  <millis>1779126604795</millis>
  <nanos>627759</nanos>
  <sequence>18</sequence>
  <logger>global</logger>
  <level>INFO</level>
  <class>dev.asjordi.bot.BotService</class>
  <method>sendWeatherReport</method>
  <thread>31</thread>
  <message>Weather report sent successfully</message>
</record>
</log>
<?xml version="1.0" encoding="UTF-8" standalone="no"?>
<!DOCTYPE log SYSTEM "logger.dtd">
<log>
<record>
  <date>2026-05-18T20:59:07.367593004Z</date>
  <millis>1779137947367</millis>
  <nanos>593004</nanos>
  <sequence>0</sequence>
  <logger>global</logger>
  <level>INFO</level>
  <class>dev.asjordi.Main</class>
  <method>main</method>
  <thread>32</thread>
  <message>Starting application</message>
</record>
<record>
  <date>2026-05-18T20:59:07.377670304Z</date>
  <millis>1779137947377</millis>
  <nanos>670304</nanos>
  <sequence>1</sequence>
  <logger>global</logger>
  <level>INFO</level>
  <class>dev.asjordi.request.RequestManager</class>
  <method>buildURL</method>
  <thread>32</thread>
  <message>Building URL for OpenWeather API request</message>
</record>
<record>
  <date>2026-05-18T20:59:07.378322867Z</date>
  <millis>1779137947378</millis>
  <nanos>322867</nanos>
  <sequence>2</sequence>
  <logger>global</logger>
  <level>INFO</level>
  <class>dev.asjordi.request.RequestManager</class>
  <method>buildURL</method>
  <thread>32</thread>
  <message>URL built successfully</message>
</record>
<record>
  <date>2026-05-18T20:59:07.487591094Z</date>
  <millis>1779137947487</millis>
  <nanos>591094</nanos>
  <sequence>3</sequence>
  <logger>global</logger>
  <level>INFO</level>
  <class>dev.asjordi.weather.DataMapper</class>
  <method>&lt;init&gt;</method>
  <thread>32</thread>
  <message>DataMapper initialized</message>
</record>
<record>
  <date>2026-05-18T20:59:07.488477485Z</date>
  <millis>1779137947488</millis>
  <nanos>477485</nanos>
  <sequence>4</sequence>
  <logger>global</logger>
  <level>INFO</level>
  <class>dev.asjordi.weather.WeatherDataProcessor</class>
  <method>&lt;init&gt;</method>
  <thread>32</thread>
  <message>WeatherDataProcessor initialized</message>
</record>
<record>
  <date>2026-05-18T20:59:07.489141470Z</date>
  <millis>1779137947489</millis>
  <nanos>141470</nanos>
  <sequence>5</sequence>
  <logger>global</logger>
  <level>INFO</level>
  <class>dev.asjordi.weather.WeatherDataProcessor</class>
  <method>processData</method>
  <thread>32</thread>
  <message>Starting data processing</message>
</record>
<record>
  <date>2026-05-18T20:59:07.489764067Z</date>
  <millis>1779137947489</millis>
  <nanos>764067</nanos>
  <sequence>6</sequence>
  <logger>global</logger>
  <level>INFO</level>
  <class>dev.asjordi.request.RequestManager</class>
  <method>makeRequest</method>
  <thread>32</thread>
  <message>Starting HTTP request to OpenWeather API</message>
</record>
<record>
  <date>2026-05-18T20:59:07.575802068Z</date>
  <millis>1779137947575</millis>
  <nanos>802068</nanos>
  <sequence>7</sequence>
  <logger>global</logger>
  <level>INFO</level>
  <class>dev.asjordi.request.RequestManager</class>
  <method>makeRequest</method>
  <thread>32</thread>
  <message>HTTP request build successfully</message>
</record>
<record>
  <date>2026-05-18T20:59:07.753843103Z</date>
  <millis>1779137947753</millis>
  <nanos>843103</nanos>
  <sequence>8</sequence>
  <logger>global</logger>
  <level>INFO</level>
  <class>dev.asjordi.request.RequestManager</class>
  <method>makeRequest</method>
  <thread>32</thread>
  <message>HTTP client built successfully</message>
</record>
<record>
  <date>2026-05-18T20:59:07.990074056Z</date>
  <millis>1779137947990</millis>
  <nanos>74056</nanos>
  <sequence>9</sequence>
  <logger>global</logger>
  <level>INFO</level>
  <class>dev.asjordi.request.RequestManager</class>
  <method>makeRequest</method>
  <thread>32</thread>
  <message>HTTP request sent successfully</message>
</record>
<record>
  <date>2026-05-18T20:59:07.993000085Z</date>
  <millis>1779137947993</millis>
  <nanos>85</nanos>
  <sequence>10</sequence>
  <logger>global</logger>
  <level>INFO</level>
  <class>dev.asjordi.weather.DataMapper</class>
  <method>mapDataToObject</method>
  <thread>32</thread>
  <message>Mapping data to WeatherApiResponse object</message>
</record>
<record>
  <date>2026-05-18T20:59:08.041228253Z</date>
  <millis>1779137948041</millis>
  <nanos>228253</nanos>
  <sequence>11</sequence>
  <logger>global</logger>
  <level>INFO</level>
  <class>dev.asjordi.weather.DataMapper</class>
  <method>mapDataToObject</method>
  <thread>32</thread>
  <message>Data mapped to WeatherApiResponse object successfully</message>
</record>
<record>
  <date>2026-05-18T20:59:08.041744941Z</date>
  <millis>1779137948041</millis>
  <nanos>744941</nanos>
  <sequence>12</sequence>
  <logger>global</logger>
  <level>INFO</level>
  <class>dev.asjordi.weather.WeatherDataProcessor</class>
  <method>processData</method>
  <thread>32</thread>
  <message>Data processed successfully</message>
</record>
<record>
  <date>2026-05-18T20:59:08.042319909Z</date>
  <millis>1779137948042</millis>
  <nanos>319909</nanos>
  <sequence>13</sequence>
  <logger>global</logger>
  <level>INFO</level>
  <class>dev.asjordi.weather.WeatherDataProcessor</class>
  <method>generateReport</method>
  <thread>32</thread>
  <message>Generating weather report</message>
</record>
<record>
  <date>2026-05-18T20:59:08.045391687Z</date>
  <millis>1779137948045</millis>
  <nanos>391687</nanos>
  <sequence>14</sequence>
  <logger>global</logger>
  <level>INFO</level>
  <class>dev.asjordi.weather.WeatherDataProcessor</class>
  <method>generateReport</method>
  <thread>32</thread>
  <message>Weather report generated successfully</message>
</record>
<record>
  <date>2026-05-18T20:59:08.105972040Z</date>
  <millis>1779137948105</millis>
  <nanos>972040</nanos>
  <sequence>15</sequence>
  <logger>global</logger>
  <level>INFO</level>
  <class>dev.asjordi.bot.WeatherBot</class>
  <method>&lt;init&gt;</method>
  <thread>32</thread>
  <message>WeatherBot initialized</message>
</record>
<record>
  <date>2026-05-18T20:59:08.106772631Z</date>
  <millis>1779137948106</millis>
  <nanos>772631</nanos>
  <sequence>16</sequence>
  <logger>global</logger>
  <level>INFO</level>
  <class>dev.asjordi.bot.BotService</class>
  <method>&lt;init&gt;</method>
  <thread>32</thread>
  <message>BotService initialized</message>
</record>
<record>
  <date>2026-05-18T20:59:08.107368407Z</date>
  <millis>1779137948107</millis>
  <nanos>368407</nanos>
  <sequence>17</sequence>
  <logger>global</logger>
  <level>INFO</level>
  <class>dev.asjordi.bot.BotService</class>
  <method>sendWeatherReport</method>
  <thread>32</thread>
  <message>Sending weather report</message>
</record>
<record>
  <date>2026-05-18T20:59:09.265615973Z</date>
  <millis>1779137949265</millis>
  <nanos>615973</nanos>
  <sequence>18</sequence>
  <logger>global</logger>
  <level>INFO</level>
  <class>dev.asjordi.bot.BotService</class>
  <method>sendWeatherReport</method>
  <thread>32</thread>
  <message>Weather report sent successfully</message>
</record>
</log>
